<?xml version="1.0" encoding="UTF-8"?>
<!-- Generated by org.testng.reporters.JUnitXMLReporter -->
<testsuite ignored="4" hostname="LAPTOP-D1JRC1ED" failures="0" tests="3" name="TestRunner-2" time="33.432" errors="0" timestamp="2023-09-27T09:36:18 IST">
  <testcase classname="TestNG.Demo1Test" name="Demo1Test" time="0.002"/>
  <testcase classname="TestNG.Sample1Test" name="Sample1Test" time="0.003"/>
  <testcase classname="TestNG.Simple1Test" name="Simple1Test" time="0.002"/>
  <testcase classname="com.hrm.genericUtils.BaseClass" name="@AfterSuite confAS" time="0.0">
    <ignored/>
  </testcase> <!-- @AfterSuite confAS -->
  <testcase classname="com.hrm.genericUtils.BaseClass" name="@BeforeSuite confBS" time="0.0">
    <ignored/>
  </testcase> <!-- @BeforeSuite confBS -->
  <testcase classname="com.hrm.genericUtils.BaseClass" name="@AfterSuite confAS" time="0.0">
    <ignored/>
  </testcase> <!-- @AfterSuite confAS -->
  <testcase classname="com.hrm.genericUtils.BaseClass" name="@BeforeSuite confBS" time="0.0">
    <ignored/>
  </testcase> <!-- @BeforeSuite confBS -->
</testsuite> <!-- TestRunner-2 -->
